<?xml version="1.0" encoding="UTF-8"?>
<testng-results ignored="0" total="1" passed="1" failed="0" skipped="0">
  <reporter-output>
  </reporter-output>
  <suite started-at="2022-08-25T15:12:03 ICT" name="Default suite" finished-at="2022-08-25T15:12:38 ICT" duration-ms="34766">
    <groups>
    </groups>
    <test started-at="2022-08-25T15:12:03 ICT" name="Default test" finished-at="2022-08-25T15:12:38 ICT" duration-ms="34766">
      <class name="com.juaracoding.appium.TestCalculator">
        <test-method is-config="true" signature="setUP()[pri:0, instance:com.juaracoding.appium.TestCalculator@73700b80]" started-at="2022-08-25T15:12:03 ICT" name="setUP" finished-at="2022-08-25T15:12:33 ICT" duration-ms="29659" status="PASS">
          <reporter-output>
          </reporter-output>
        </test-method> <!-- setUP -->
        <test-method is-config="true" signature="pageObject()[pri:0, instance:com.juaracoding.appium.TestCalculator@73700b80]" started-at="2022-08-25T15:12:33 ICT" name="pageObject" finished-at="2022-08-25T15:12:33 ICT" duration-ms="13" status="PASS">
          <reporter-output>
          </reporter-output>
        </test-method> <!-- pageObject -->
        <test-method signature="testAdd()[pri:0, instance:com.juaracoding.appium.TestCalculator@73700b80]" started-at="2022-08-25T15:12:33 ICT" name="testAdd" finished-at="2022-08-25T15:12:36 ICT" duration-ms="3159" status="PASS">
          <reporter-output>
          </reporter-output>
        </test-method> <!-- testAdd -->
        <test-method is-config="true" signature="closeApp()[pri:0, instance:com.juaracoding.appium.TestCalculator@73700b80]" started-at="2022-08-25T15:12:36 ICT" name="closeApp" finished-at="2022-08-25T15:12:38 ICT" duration-ms="1851" status="PASS">
          <reporter-output>
          </reporter-output>
        </test-method> <!-- closeApp -->
      </class> <!-- com.juaracoding.appium.TestCalculator -->
    </test> <!-- Default test -->
  </suite> <!-- Default suite -->
</testng-results>
